<?xml version="1.0" encoding="UTF-8"?>
<testsuite name="com.platzi.market.PlatziMarketApplicationTests" tests="1" skipped="0" failures="0" errors="0" timestamp="2022-06-16T23:28:19" hostname="erik-pc" time="0.265">
  <properties/>
  <testcase name="contextLoads()" classname="com.platzi.market.PlatziMarketApplicationTests" time="0.265"/>
  <system-out><![CDATA[18:28:10.520 [Test worker] DEBUG org.springframework.test.context.BootstrapUtils - Instantiating CacheAwareContextLoaderDelegate from class [org.springframework.test.context.cache.DefaultCacheAwareContextLoaderDelegate]
18:28:10.537 [Test worker] DEBUG org.springframework.test.context.BootstrapUtils - Instantiating BootstrapContext using constructor [public org.springframework.test.context.support.DefaultBootstrapContext(java.lang.Class,org.springframework.test.context.CacheAwareContextLoaderDelegate)]
18:28:10.600 [Test worker] DEBUG org.springframework.test.context.BootstrapUtils - Instantiating TestContextBootstrapper for test class [com.platzi.market.PlatziMarketApplicationTests] from class [org.springframework.boot.test.context.SpringBootTestContextBootstrapper]
18:28:10.620 [Test worker] INFO org.springframework.boot.test.context.SpringBootTestContextBootstrapper - Neither @ContextConfiguration nor @ContextHierarchy found for test class [com.platzi.market.PlatziMarketApplicationTests], using SpringBootContextLoader
18:28:10.627 [Test worker] DEBUG org.springframework.test.context.support.AbstractContextLoader - Did not detect default resource location for test class [com.platzi.market.PlatziMarketApplicationTests]: class path resource [com/platzi/market/PlatziMarketApplicationTests-context.xml] does not exist
18:28:10.629 [Test worker] DEBUG org.springframework.test.context.support.AbstractContextLoader - Did not detect default resource location for test class [com.platzi.market.PlatziMarketApplicationTests]: class path resource [com/platzi/market/PlatziMarketApplicationTestsContext.groovy] does not exist
18:28:10.630 [Test worker] INFO org.springframework.test.context.support.AbstractContextLoader - Could not detect default resource locations for test class [com.platzi.market.PlatziMarketApplicationTests]: no resource found for suffixes {-context.xml, Context.groovy}.
18:28:10.634 [Test worker] INFO org.springframework.test.context.support.AnnotationConfigContextLoaderUtils - Could not detect default configuration classes for test class [com.platzi.market.PlatziMarketApplicationTests]: PlatziMarketApplicationTests does not declare any static, non-private, non-final, nested classes annotated with @Configuration.
18:28:10.721 [Test worker] DEBUG org.springframework.test.context.support.ActiveProfilesUtils - Could not find an 'annotation declaring class' for annotation type [org.springframework.test.context.ActiveProfiles] and class [com.platzi.market.PlatziMarketApplicationTests]
18:28:10.834 [Test worker] DEBUG org.springframework.context.annotation.ClassPathScanningCandidateComponentProvider - Identified candidate component class: file [/home/erik/Escritorio/Desarrollo/Spring/platzi-market/build/classes/java/main/com/platzi/market/PlatziMarketApplication.class]
18:28:10.835 [Test worker] INFO org.springframework.boot.test.context.SpringBootTestContextBootstrapper - Found @SpringBootConfiguration com.platzi.market.PlatziMarketApplication for test class com.platzi.market.PlatziMarketApplicationTests
18:28:11.020 [Test worker] DEBUG org.springframework.boot.test.context.SpringBootTestContextBootstrapper - @TestExecutionListeners is not present for class [com.platzi.market.PlatziMarketApplicationTests]: using defaults.
18:28:11.022 [Test worker] INFO org.springframework.boot.test.context.SpringBootTestContextBootstrapper - Loaded default TestExecutionListener class names from location [META-INF/spring.factories]: [org.springframework.boot.test.autoconfigure.restdocs.RestDocsTestExecutionListener, org.springframework.boot.test.autoconfigure.web.client.MockRestServiceServerResetTestExecutionListener, org.springframework.boot.test.autoconfigure.web.servlet.MockMvcPrintOnlyOnFailureTestExecutionListener, org.springframework.boot.test.autoconfigure.web.servlet.WebDriverTestExecutionListener, org.springframework.boot.test.autoconfigure.webservices.client.MockWebServiceServerTestExecutionListener, org.springframework.boot.test.mock.mockito.MockitoTestExecutionListener, org.springframework.boot.test.mock.mockito.ResetMocksTestExecutionListener, org.springframework.test.context.web.ServletTestExecutionListener, org.springframework.test.context.support.DirtiesContextBeforeModesTestExecutionListener, org.springframework.test.context.event.ApplicationEventsTestExecutionListener, org.springframework.test.context.support.DependencyInjectionTestExecutionListener, org.springframework.test.context.support.DirtiesContextTestExecutionListener, org.springframework.test.context.transaction.TransactionalTestExecutionListener, org.springframework.test.context.jdbc.SqlScriptsTestExecutionListener, org.springframework.test.context.event.EventPublishingTestExecutionListener]
18:28:11.049 [Test worker] INFO org.springframework.boot.test.context.SpringBootTestContextBootstrapper - Using TestExecutionListeners: [org.springframework.test.context.web.ServletTestExecutionListener@12bcd0c0, org.springframework.test.context.support.DirtiesContextBeforeModesTestExecutionListener@4879f0f2, org.springframework.test.context.event.ApplicationEventsTestExecutionListener@47db5fa5, org.springframework.boot.test.mock.mockito.MockitoTestExecutionListener@354fc8f0, org.springframework.boot.test.autoconfigure.SpringBootDependencyInjectionTestExecutionListener@41813449, org.springframework.test.context.support.DirtiesContextTestExecutionListener@4678a2eb, org.springframework.test.context.transaction.TransactionalTestExecutionListener@5b43fbf6, org.springframework.test.context.jdbc.SqlScriptsTestExecutionListener@1080b026, org.springframework.test.context.event.EventPublishingTestExecutionListener@58ebfd03, org.springframework.boot.test.autoconfigure.restdocs.RestDocsTestExecutionListener@5b07730f, org.springframework.boot.test.autoconfigure.web.client.MockRestServiceServerResetTestExecutionListener@1fdfafd2, org.springframework.boot.test.autoconfigure.web.servlet.MockMvcPrintOnlyOnFailureTestExecutionListener@a4b2d8f, org.springframework.boot.test.autoconfigure.web.servlet.WebDriverTestExecutionListener@dcfda20, org.springframework.boot.test.autoconfigure.webservices.client.MockWebServiceServerTestExecutionListener@6d304f9d, org.springframework.boot.test.mock.mockito.ResetMocksTestExecutionListener@f73dcd6]
18:28:11.054 [Test worker] DEBUG org.springframework.test.context.support.AbstractDirtiesContextTestExecutionListener - Before test class: context [DefaultTestContext@55b5f5d2 testClass = PlatziMarketApplicationTests, testInstance = [null], testMethod = [null], testException = [null], mergedContextConfiguration = [WebMergedContextConfiguration@5bfa8cc5 testClass = PlatziMarketApplicationTests, locations = '{}', classes = '{class com.platzi.market.PlatziMarketApplication}', contextInitializerClasses = '[]', activeProfiles = '{}', propertySourceLocations = '{}', propertySourceProperties = '{org.springframework.boot.test.context.SpringBootTestContextBootstrapper=true}', contextCustomizers = set[org.springframework.boot.test.autoconfigure.actuate.metrics.MetricsExportContextCustomizerFactory$DisableMetricExportContextCustomizer@74a6f9c1, org.springframework.boot.test.autoconfigure.properties.PropertyMappingContextCustomizer@0, org.springframework.boot.test.autoconfigure.web.servlet.WebDriverContextCustomizerFactory$Customizer@432038ec, org.springframework.boot.test.context.filter.ExcludeFilterContextCustomizer@35645047, org.springframework.boot.test.json.DuplicateJsonObjectContextCustomizerFactory$DuplicateJsonObjectContextCustomizer@5ddcc487, org.springframework.boot.test.mock.mockito.MockitoContextCustomizer@0, org.springframework.boot.test.web.client.TestRestTemplateContextCustomizer@65b104b9, org.springframework.boot.test.context.SpringBootTestArgs@1, org.springframework.boot.test.context.SpringBootTestWebEnvironment@71e9ddb4], resourceBasePath = 'src/main/webapp', contextLoader = 'org.springframework.boot.test.context.SpringBootContextLoader', parent = [null]], attributes = map['org.springframework.test.context.web.ServletTestExecutionListener.activateListener' -> true]], class annotated with @DirtiesContext [false] with mode [null].

  .   ____          _            __ _ _
 /\\ / ___'_ __ _ _(_)_ __  __ _ \ \ \ \
( ( )\___ | '_ | '_| | '_ \/ _` | \ \ \ \
 \\/  ___)| |_)| | | | | || (_| |  ) ) ) )
  '  |____| .__|_| |_|_| |_\__, | / / / /
 =========|_|==============|___/=/_/_/_/
 :: Spring Boot ::                (v2.7.0)

2022-06-16 18:28:11.577  INFO 29008 --- [    Test worker] c.p.market.PlatziMarketApplicationTests  : Starting PlatziMarketApplicationTests using Java 11.0.15 on erik-pc with PID 29008 (started by erik in /home/erik/Escritorio/Desarrollo/Spring/platzi-market)
2022-06-16 18:28:11.582  INFO 29008 --- [    Test worker] c.p.market.PlatziMarketApplicationTests  : The following 1 profile is active: "prod"
2022-06-16 18:28:13.166  INFO 29008 --- [    Test worker] .s.d.r.c.RepositoryConfigurationDelegate : Bootstrapping Spring Data JPA repositories in DEFAULT mode.
2022-06-16 18:28:13.265  INFO 29008 --- [    Test worker] .s.d.r.c.RepositoryConfigurationDelegate : Finished Spring Data repository scanning in 83 ms. Found 1 JPA repository interfaces.
2022-06-16 18:28:14.298  INFO 29008 --- [    Test worker] com.zaxxer.hikari.HikariDataSource       : HikariPool-1 - Starting...
2022-06-16 18:28:14.419  INFO 29008 --- [    Test worker] com.zaxxer.hikari.HikariDataSource       : HikariPool-1 - Start completed.
2022-06-16 18:28:14.536  INFO 29008 --- [    Test worker] o.hibernate.jpa.internal.util.LogHelper  : HHH000204: Processing PersistenceUnitInfo [name: default]
2022-06-16 18:28:14.657  INFO 29008 --- [    Test worker] org.hibernate.Version                    : HHH000412: Hibernate ORM core version 5.6.9.Final
2022-06-16 18:28:15.093  INFO 29008 --- [    Test worker] o.hibernate.annotations.common.Version   : HCANN000001: Hibernate Commons Annotations {5.1.2.Final}
2022-06-16 18:28:15.315  INFO 29008 --- [    Test worker] org.hibernate.dialect.Dialect            : HHH000400: Using dialect: org.hibernate.dialect.PostgreSQL10Dialect
2022-06-16 18:28:15.843  WARN 29008 --- [    Test worker] org.hibernate.mapping.RootClass          : HHH000038: Composite-id class does not override equals(): com.platzi.market.persistence.entity.ComprasProductoPK
2022-06-16 18:28:15.844  WARN 29008 --- [    Test worker] org.hibernate.mapping.RootClass          : HHH000039: Composite-id class does not override hashCode(): com.platzi.market.persistence.entity.ComprasProductoPK
2022-06-16 18:28:16.828  INFO 29008 --- [    Test worker] o.h.e.t.j.p.i.JtaPlatformInitiator       : HHH000490: Using JtaPlatform implementation: [org.hibernate.engine.transaction.jta.platform.internal.NoJtaPlatform]
2022-06-16 18:28:16.844  INFO 29008 --- [    Test worker] j.LocalContainerEntityManagerFactoryBean : Initialized JPA EntityManagerFactory for persistence unit 'default'
2022-06-16 18:28:18.200  WARN 29008 --- [    Test worker] JpaBaseConfiguration$JpaWebConfiguration : spring.jpa.open-in-view is enabled by default. Therefore, database queries may be performed during view rendering. Explicitly configure spring.jpa.open-in-view to disable this warning
2022-06-16 18:28:19.593  INFO 29008 --- [    Test worker] c.p.market.PlatziMarketApplicationTests  : Started PlatziMarketApplicationTests in 8.484 seconds (JVM running for 10.372)
]]></system-out>
  <system-err><![CDATA[]]></system-err>
</testsuite>
